Arguments: 
  /usr/bin/node /usr/local/bin/yarn web

PATH: 
  /home/josh/.linuxbrew/bin:/home/josh/bin:/home/josh/.local/bin:/usr/local/sbin:/usr/local/bin:/usr/sbin:/usr/bin:/sbin:/bin:/usr/games:/usr/local/games:/snap/bin:/usr/local/jdk1.8.0/bin:/usr/lib/android-studio/tools:/usr/lib/android-studio/platform-tools

Yarn version: 
  1.1.0

Node version: 
  8.9.1

Platform: 
  linux x64

npm manifest: 
  {
  	"name": "rnweb",
  	"version": "0.0.1",
  	"private": true,
  	"scripts": {
  		"start": "node ./node_modules/react-native/local-cli/cli.js start",
  		"test": "node ./node_modules/.bin jest",
  		"web": "node ./node_modules/webpack-dev-server -d --config ./webpack.config.js --inline --hot --colors --open",
  		"android": "exp build:android"
  	},
  	"dependencies": {
  		"babel-cli": "^6.26.0",
  		"babel-core": "^6.26.0",
  		"babel-loader": "^7.1.2",
  		"babel-plugin-transform-react-remove-prop-types": "^0.4.8",
  		"css-loader": "^0.28.7",
  		"npm-install-version": "^6.0.2",
  		"react": "16.0.0-alpha.12",
  		"react-dom": "15.6",
  		"react-hot-loader": "^1.3.1",
  		"react-native": "https://github.com/expo/react-native/archive/sdk-20.0.0.tar.gz",
  		"react-native-web": "^0.0.120",
  		"react-tap-event-plugin": "^2.0.1",
  		"react-v-15.6": "^15.6.1",
  		"style-loader": "^0.18.2",
  		"url-loader": "^0.5.9",
  		"webpack": "^3.5.6",
  		"webpack-dev-server": "^2.7.1",
  		"react-native-blur": "3.2.2"
  	},
  	"devDependencies": {
  		"exp": "^45.1.0",
  		"babel-jest": "21.0.0",
  		"babel-preset-react-native": "3.0.2",
  		"jest": "21.0.1",
  		"react-test-renderer": "16.0.0-alpha.12"
  	},
  	"jest": {
  		"preset": "react-native"
  	}
  }

yarn manifest: 
  No manifest

Lockfile: 
  No lockfile

Trace: 
  SyntaxError: /home/josh/Desktop/expo-web-game/package.json: Unexpected token } in JSON at position 1783
      at JSON.parse (<anonymous>)
      at /usr/local/lib/node_modules/yarn/lib/cli.js:764:59
      at Generator.next (<anonymous>)
      at step (/usr/local/lib/node_modules/yarn/lib/cli.js:92:30)
      at /usr/local/lib/node_modules/yarn/lib/cli.js:103:13
      at <anonymous>
